This is pdfTeX, Version 3.141592653-2.6-1.40.25 (MiKTeX 24.1) (preloaded format=pdflatex 2024.9.9)  14 SEP 2024 02:03
entering extended mode
 restricted \write18 enabled.
 %&-line parsing enabled.
**./EXP01_EEE2214.tex
(EXP01_EEE2214.tex
LaTeX2e <2023-11-01> patch level 1
L3 programming layer <2024-01-04>
(C:\Program Files\MiKTeX\tex/latex/base\article.cls
Document Class: article 2023/05/17 v1.4n Standard LaTeX document class
(C:\Program Files\MiKTeX\tex/latex/base\size12.clo
File: size12.clo 2023/05/17 v1.4n Standard LaTeX file (size option)
)
\c@part=\count187
\c@section=\count188
\c@subsection=\count189
\c@subsubsection=\count190
\c@paragraph=\count191
\c@subparagraph=\count192
\c@figure=\count193
\c@table=\count194
\abovecaptionskip=\skip48
\belowcaptionskip=\skip49
\bibindent=\dimen140
)
(C:\Program Files\MiKTeX\tex/latex/graphics\graphicx.sty
Package: graphicx 2021/09/16 v1.2d Enhanced LaTeX Graphics (DPC,SPQR)

(C:\Program Files\MiKTeX\tex/latex/graphics\keyval.sty
Package: keyval 2022/05/29 v1.15 key=value parser (DPC)
\KV@toks@=\toks17
)
(C:\Program Files\MiKTeX\tex/latex/graphics\graphics.sty
Package: graphics 2022/03/10 v1.4e Standard LaTeX Graphics (DPC,SPQR)

(C:\Program Files\MiKTeX\tex/latex/graphics\trig.sty
Package: trig 2021/08/11 v1.11 sin cos tan (DPC)
)
(C:\Program Files\MiKTeX\tex/latex/graphics-cfg\graphics.cfg
File: graphics.cfg 2016/06/04 v1.11 sample graphics configuration
)
Package graphics Info: Driver file: pdftex.def on input line 107.

(C:\Program Files\MiKTeX\tex/latex/graphics-def\pdftex.def
File: pdftex.def 2022/09/22 v1.2b Graphics/color driver for pdftex
))
\Gin@req@height=\dimen141
\Gin@req@width=\dimen142
)
(C:\Program Files\MiKTeX\tex/latex/amsmath\amsmath.sty
Package: amsmath 2023/05/13 v2.17o AMS math features
\@mathmargin=\skip50

For additional information on amsmath, use the `?' option.
(C:\Program Files\MiKTeX\tex/latex/amsmath\amstext.sty
Package: amstext 2021/08/26 v2.01 AMS text

(C:\Program Files\MiKTeX\tex/latex/amsmath\amsgen.sty
File: amsgen.sty 1999/11/30 v2.0 generic functions
\@emptytoks=\toks18
\ex@=\dimen143
))
(C:\Program Files\MiKTeX\tex/latex/amsmath\amsbsy.sty
Package: amsbsy 1999/11/29 v1.2d Bold Symbols
\pmbraise@=\dimen144
)
(C:\Program Files\MiKTeX\tex/latex/amsmath\amsopn.sty
Package: amsopn 2022/04/08 v2.04 operator names
)
\inf@bad=\count195
LaTeX Info: Redefining \frac on input line 234.
\uproot@=\count196
\leftroot@=\count197
LaTeX Info: Redefining \overline on input line 399.
LaTeX Info: Redefining \colon on input line 410.
\classnum@=\count198
\DOTSCASE@=\count199
LaTeX Info: Redefining \ldots on input line 496.
LaTeX Info: Redefining \dots on input line 499.
LaTeX Info: Redefining \cdots on input line 620.
\Mathstrutbox@=\box51
\strutbox@=\box52
LaTeX Info: Redefining \big on input line 722.
LaTeX Info: Redefining \Big on input line 723.
LaTeX Info: Redefining \bigg on input line 724.
LaTeX Info: Redefining \Bigg on input line 725.
\big@size=\dimen145
LaTeX Font Info:    Redeclaring font encoding OML on input line 743.
LaTeX Font Info:    Redeclaring font encoding OMS on input line 744.
\macc@depth=\count266
LaTeX Info: Redefining \bmod on input line 905.
LaTeX Info: Redefining \pmod on input line 910.
LaTeX Info: Redefining \smash on input line 940.
LaTeX Info: Redefining \relbar on input line 970.
LaTeX Info: Redefining \Relbar on input line 971.
\c@MaxMatrixCols=\count267
\dotsspace@=\muskip16
\c@parentequation=\count268
\dspbrk@lvl=\count269
\tag@help=\toks19
\row@=\count270
\column@=\count271
\maxfields@=\count272
\andhelp@=\toks20
\eqnshift@=\dimen146
\alignsep@=\dimen147
\tagshift@=\dimen148
\tagwidth@=\dimen149
\totwidth@=\dimen150
\lineht@=\dimen151
\@envbody=\toks21
\multlinegap=\skip51
\multlinetaggap=\skip52
\mathdisplay@stack=\toks22
LaTeX Info: Redefining \[ on input line 2953.
LaTeX Info: Redefining \] on input line 2954.
)
(C:\Program Files\MiKTeX\tex/latex/amsfonts\amssymb.sty
Package: amssymb 2013/01/14 v3.01 AMS font symbols

(C:\Program Files\MiKTeX\tex/latex/amsfonts\amsfonts.sty
Package: amsfonts 2013/01/14 v3.01 Basic AMSFonts support
\symAMSa=\mathgroup4
\symAMSb=\mathgroup5
LaTeX Font Info:    Redeclaring math symbol \hbar on input line 98.
LaTeX Font Info:    Overwriting math alphabet `\mathfrak' in version `bold'
(Font)                  U/euf/m/n --> U/euf/b/n on input line 106.
))
(C:\Program Files\MiKTeX\tex/latex/caption\subcaption.sty
Package: subcaption 2023/07/28 v1.6b Sub-captions (AR)

(C:\Program Files\MiKTeX\tex/latex/caption\caption.sty
Package: caption 2023/08/05 v3.6o Customizing captions (AR)

(C:\Program Files\MiKTeX\tex/latex/caption\caption3.sty
Package: caption3 2023/07/31 v2.4d caption3 kernel (AR)
\caption@tempdima=\dimen152
\captionmargin=\dimen153
\caption@leftmargin=\dimen154
\caption@rightmargin=\dimen155
\caption@width=\dimen156
\caption@indent=\dimen157
\caption@parindent=\dimen158
\caption@hangindent=\dimen159
Package caption Info: Standard document class detected.
)
\c@caption@flags=\count273
\c@continuedfloat=\count274
)
Package caption Info: New subtype `subfigure' on input line 238.
\c@subfigure=\count275
Package caption Info: New subtype `subtable' on input line 238.
\c@subtable=\count276
)
(C:\Program Files\MiKTeX\tex/latex/geometry\geometry.sty
Package: geometry 2020/01/02 v5.9 Page Geometry

(C:\Program Files\MiKTeX\tex/generic/iftex\ifvtex.sty
Package: ifvtex 2019/10/25 v1.7 ifvtex legacy package. Use iftex instead.

(C:\Program Files\MiKTeX\tex/generic/iftex\iftex.sty
Package: iftex 2022/02/03 v1.0f TeX engine tests
))
\Gm@cnth=\count277
\Gm@cntv=\count278
\c@Gm@tempcnt=\count279
\Gm@bindingoffset=\dimen160
\Gm@wd@mp=\dimen161
\Gm@odd@mp=\dimen162
\Gm@even@mp=\dimen163
\Gm@layoutwidth=\dimen164
\Gm@layoutheight=\dimen165
\Gm@layouthoffset=\dimen166
\Gm@layoutvoffset=\dimen167
\Gm@dimlist=\toks23

(C:\Program Files\MiKTeX\tex/latex/geometry\geometry.cfg))
(C:\Program Files\MiKTeX\tex/latex/psnfss\times.sty
Package: times 2020/03/25 PSNFSS-v9.3 (SPQR) 
)
(C:\Program Files\MiKTeX\tex/latex/float\float.sty
Package: float 2001/11/08 v1.3d Float enhancements (AL)
\c@float@type=\count280
\float@exts=\toks24
\float@box=\box53
\@float@everytoks=\toks25
\@floatcapt=\box54
)
(C:\Program Files\MiKTeX\tex/latex/listings\listings.sty
\lst@mode=\count281
\lst@gtempboxa=\box55
\lst@token=\toks26
\lst@length=\count282
\lst@currlwidth=\dimen168
\lst@column=\count283
\lst@pos=\count284
\lst@lostspace=\dimen169
\lst@width=\dimen170
\lst@newlines=\count285
\lst@lineno=\count286
\lst@maxwidth=\dimen171

(C:\Program Files\MiKTeX\tex/latex/listings\lstmisc.sty
File: lstmisc.sty 2023/02/27 1.9 (Carsten Heinz)
\c@lstnumber=\count287
\lst@skipnumbers=\count288
\lst@framebox=\box56
)
(C:\Program Files\MiKTeX\tex/latex/listings\listings.cfg
File: listings.cfg 2023/02/27 1.9 listings configuration
))
Package: listings 2023/02/27 1.9 (Carsten Heinz)

(C:\Program Files\MiKTeX\tex/latex/xcolor\xcolor.sty
Package: xcolor 2023/11/15 v3.01 LaTeX color extensions (UK)

(C:\Program Files\MiKTeX\tex/latex/graphics-cfg\color.cfg
File: color.cfg 2016/01/02 v1.6 sample color configuration
)
Package xcolor Info: Driver file: pdftex.def on input line 274.

(C:\Program Files\MiKTeX\tex/latex/graphics\mathcolor.ltx)
Package xcolor Info: Model `cmy' substituted by `cmy0' on input line 1350.
Package xcolor Info: Model `hsb' substituted by `rgb' on input line 1354.
Package xcolor Info: Model `RGB' extended on input line 1366.
Package xcolor Info: Model `HTML' substituted by `rgb' on input line 1368.
Package xcolor Info: Model `Hsb' substituted by `hsb' on input line 1369.
Package xcolor Info: Model `tHsb' substituted by `hsb' on input line 1370.
Package xcolor Info: Model `HSB' substituted by `hsb' on input line 1371.
Package xcolor Info: Model `Gray' substituted by `gray' on input line 1372.
Package xcolor Info: Model `wave' substituted by `hsb' on input line 1373.
)
LaTeX Font Info:    Trying to load font information for OT1+ptm on input line 2
9.

(C:\Program Files\MiKTeX\tex/latex/psnfss\ot1ptm.fd
File: ot1ptm.fd 2001/06/04 font definitions for OT1/ptm.
)
(C:\Program Files\MiKTeX\tex/latex/l3backend\l3backend-pdftex.def
File: l3backend-pdftex.def 2024-01-04 L3 backend support: PDF output (pdfTeX)
\l__color_backend_stack_int=\count289
\l__pdf_internal_box=\box57
)
(EXP01_EEE2214.aux

LaTeX Warning: Label `fig:3-a' multiply defined.


LaTeX Warning: Label `sub@fig:3-a' multiply defined.


LaTeX Warning: Label `fig:3-b' multiply defined.


LaTeX Warning: Label `sub@fig:3-b' multiply defined.


LaTeX Warning: Label `fig:3-b' multiply defined.


LaTeX Warning: Label `sub@fig:3-b' multiply defined.


LaTeX Warning: Label `fig:3-b' multiply defined.


LaTeX Warning: Label `sub@fig:3-b' multiply defined.


LaTeX Warning: Label `fig:3-a' multiply defined.


LaTeX Warning: Label `sub@fig:3-a' multiply defined.


LaTeX Warning: Label `fig:3-b' multiply defined.


LaTeX Warning: Label `sub@fig:3-b' multiply defined.


LaTeX Warning: Label `fig:3-c' multiply defined.


LaTeX Warning: Label `sub@fig:3-c' multiply defined.


LaTeX Warning: Label `fig:1' multiply defined.


LaTeX Warning: Label `fig:enter-label' multiply defined.


LaTeX Warning: Label `sub@fig:enter-label' multiply defined.


LaTeX Warning: Label `fig:enter-label' multiply defined.


LaTeX Warning: Label `sub@fig:enter-label' multiply defined.


LaTeX Warning: Label `fig:enter-label' multiply defined.


LaTeX Warning: Label `sub@fig:enter-label' multiply defined.

)
\openout1 = `EXP01_EEE2214.aux'.

LaTeX Font Info:    Checking defaults for OML/cmm/m/it on input line 29.
LaTeX Font Info:    ... okay on input line 29.
LaTeX Font Info:    Checking defaults for OMS/cmsy/m/n on input line 29.
LaTeX Font Info:    ... okay on input line 29.
LaTeX Font Info:    Checking defaults for OT1/cmr/m/n on input line 29.
LaTeX Font Info:    ... okay on input line 29.
LaTeX Font Info:    Checking defaults for T1/cmr/m/n on input line 29.
LaTeX Font Info:    ... okay on input line 29.
LaTeX Font Info:    Checking defaults for TS1/cmr/m/n on input line 29.
LaTeX Font Info:    ... okay on input line 29.
LaTeX Font Info:    Checking defaults for OMX/cmex/m/n on input line 29.
LaTeX Font Info:    ... okay on input line 29.
LaTeX Font Info:    Checking defaults for U/cmr/m/n on input line 29.
LaTeX Font Info:    ... okay on input line 29.
 (C:\Program Files\MiKTeX\tex/context/base/mkii\supp-pdf.mkii
[Loading MPS to PDF converter (version 2006.09.02).]
\scratchcounter=\count290
\scratchdimen=\dimen172
\scratchbox=\box58
\nofMPsegments=\count291
\nofMParguments=\count292
\everyMPshowfont=\toks27
\MPscratchCnt=\count293
\MPscratchDim=\dimen173
\MPnumerator=\count294
\makeMPintoPDFobject=\count295
\everyMPtoPDFconversion=\toks28
) (C:\Program Files\MiKTeX\tex/latex/epstopdf-pkg\epstopdf-base.sty
Package: epstopdf-base 2020-01-24 v2.11 Base part for package epstopdf
Package epstopdf-base Info: Redefining graphics rule for `.eps' on input line 4
85.

(C:\Program Files\MiKTeX\tex/latex/00miktex\epstopdf-sys.cfg
File: epstopdf-sys.cfg 2021/03/18 v2.0 Configuration of epstopdf for MiKTeX
))
Package caption Info: Begin \AtBeginDocument code.
Package caption Info: float package is loaded.
Package caption Info: listings package is loaded.
Package caption Info: End \AtBeginDocument code.

*geometry* driver: auto-detecting
*geometry* detected driver: pdftex
*geometry* verbose mode - [ preamble ] result:
* driver: pdftex
* paper: a4paper
* layout: <same size as paper>
* layoutoffset:(h,v)=(0.0pt,0.0pt)
* modes: 
* h-part:(L,W,R)=(79.49744pt, 460.19423pt, 57.81621pt)
* v-part:(T,H,B)=(72.26999pt, 714.96065pt, 57.81621pt)
* \paperwidth=597.50787pt
* \paperheight=845.04684pt
* \textwidth=460.19423pt
* \textheight=714.96065pt
* \oddsidemargin=7.22745pt
* \evensidemargin=7.22745pt
* \topmargin=-37.0pt
* \headheight=12.0pt
* \headsep=25.0pt
* \topskip=12.0pt
* \footskip=30.0pt
* \marginparwidth=35.0pt
* \marginparsep=10.0pt
* \columnsep=10.0pt
* \skip\footins=10.8pt plus 4.0pt minus 2.0pt
* \hoffset=0.0pt
* \voffset=0.0pt
* \mag=1000
* \@twocolumnfalse
* \@twosidefalse
* \@mparswitchfalse
* \@reversemarginfalse
* (1in=72.27pt=25.4mm, 1cm=28.453pt)

\c@lstlisting=\count296
LaTeX Font Info:    Trying to load font information for TS1+ptm on input line 4
1.
(C:\Program Files\MiKTeX\tex/latex/psnfss\ts1ptm.fd
File: ts1ptm.fd 2001/06/04 font definitions for TS1/ptm.
)
<Images/microwind/window.png, id=1, 1445.4pt x 745.28438pt>
File: Images/microwind/window.png Graphic file (type png)
<use Images/microwind/window.png>
Package pdftex.def Info: Images/microwind/window.png  used on input line 53.
(pdftex.def)             Requested size: 460.19423pt x 237.29042pt.
 [1

{C:/Users/win-11/AppData/Local/MiKTeX/fonts/map/pdftex/pdftex.map}{C:/Program F
iles/MiKTeX/fonts/enc/dvips/base/8r.enc} <./Images/microwind/window.png>]
<Images/microwind/menubar.png, id=10, 298.86656pt x 17.31468pt>
File: Images/microwind/menubar.png Graphic file (type png)
<use Images/microwind/menubar.png>
Package pdftex.def Info: Images/microwind/menubar.png  used on input line 73.
(pdftex.def)             Requested size: 322.13455pt x 18.66388pt.
<Images/microwind/filemenu.png, id=11, 648.92438pt x 358.33875pt>
File: Images/microwind/filemenu.png Graphic file (type png)
<use Images/microwind/filemenu.png>
Package pdftex.def Info: Images/microwind/filemenu.png  used on input line 84.
(pdftex.def)             Requested size: 225.49313pt x 171.59602pt.
<Images/microwind/viewmenu.png, id=12, 665.48625pt x 399.74344pt>
File: Images/microwind/viewmenu.png Graphic file (type png)
<use Images/microwind/viewmenu.png>
Package pdftex.def Info: Images/microwind/viewmenu.png  used on input line 91.
(pdftex.def)             Requested size: 225.49059pt x 171.59354pt.
<Images/microwind/editmenu.png, id=13, 761.09344pt x 423.08063pt>
File: Images/microwind/editmenu.png Graphic file (type png)
<use Images/microwind/editmenu.png>
Package pdftex.def Info: Images/microwind/editmenu.png  used on input line 97.
(pdftex.def)             Requested size: 225.49614pt x 171.59203pt.
 [2 <./Images/microwind/menubar.png> <./Images/microwind/filemenu.png> <./Image
s/microwind/viewmenu.png> <./Images/microwind/editmenu.png>]
<Images/microwind/simulatemenu.png, id=21, 802.49812pt x 322.20375pt>
File: Images/microwind/simulatemenu.png Graphic file (type png)
<use Images/microwind/simulatemenu.png>
Package pdftex.def Info: Images/microwind/simulatemenu.png  used on input line 
111.
(pdftex.def)             Requested size: 230.09804pt x 121.5439pt.
<Images/microwind/compilemenu.png, id=22, 573.64313pt x 137.01187pt>
File: Images/microwind/compilemenu.png Graphic file (type png)
<use Images/microwind/compilemenu.png>
Package pdftex.def Info: Images/microwind/compilemenu.png  used on input line 1
18.
(pdftex.def)             Requested size: 225.4977pt x 53.85881pt.
<Images/microwind/analysismenu2.png, id=23, 806.26219pt x 346.29375pt>
File: Images/microwind/analysismenu2.png Graphic file (type png)
<use Images/microwind/analysismenu2.png>
Package pdftex.def Info: Images/microwind/analysismenu2.png  used on input line
 124.
(pdftex.def)             Requested size: 276.11853pt x 150.15042pt.
 [3 <./Images/microwind/simulatemenu.png> <./Images/microwind/compilemenu.png> 
<./Images/microwind/analysismenu2.png>]
<Images/microwind/toolbar.png, id=30, 532.23843pt x 25.59563pt>
File: Images/microwind/toolbar.png Graphic file (type png)
<use Images/microwind/toolbar.png>
Package pdftex.def Info: Images/microwind/toolbar.png  used on input line 150.
(pdftex.def)             Requested size: 460.19423pt x 22.1317pt.
LaTeX Font Info:    Trying to load font information for U+msa on input line 161
.

(C:\Program Files\MiKTeX\tex/latex/amsfonts\umsa.fd
File: umsa.fd 2013/01/14 v3.01 AMS symbols A
)
LaTeX Font Info:    Trying to load font information for U+msb on input line 161
.

(C:\Program Files\MiKTeX\tex/latex/amsfonts\umsb.fd
File: umsb.fd 2013/01/14 v3.01 AMS symbols B
)
<Images/microwind/toolbar3.png, id=31, 663.98062pt x 451.6875pt>
File: Images/microwind/toolbar3.png Graphic file (type png)
<use Images/microwind/toolbar3.png>
Package pdftex.def Info: Images/microwind/toolbar3.png  used on input line 163.

(pdftex.def)             Requested size: 460.19423pt x 313.05693pt.

Overfull \hbox (12.00002pt too wide) in paragraph at lines 161--166
 [][] 
 []

[4 <./Images/microwind/toolbar.png> <./Images/microwind/toolbar3.png>]
<Images/microwind/palette.png, id=37, 535.2497pt x 435.87843pt>
File: Images/microwind/palette.png Graphic file (type png)
<use Images/microwind/palette.png>
Package pdftex.def Info: Images/microwind/palette.png  used on input line 176.
(pdftex.def)             Requested size: 460.19423pt x 374.77498pt.
<Images/microwind/simuwindow.png, id=38, 946.28531pt x 617.30624pt>
File: Images/microwind/simuwindow.png Graphic file (type png)
<use Images/microwind/simuwindow.png>
Package pdftex.def Info: Images/microwind/simuwindow.png  used on input line 18
8.
(pdftex.def)             Requested size: 460.19423pt x 300.20323pt.
 [5 <./Images/microwind/palette.png>] [6 <./Images/microwind/simuwindow.png>] [
7]
[8]
<Images/nmos/nmos1.png, id=58, 528.47438pt x 527.72156pt>
File: Images/nmos/nmos1.png Graphic file (type png)
<use Images/nmos/nmos1.png>
Package pdftex.def Info: Images/nmos/nmos1.png  used on input line 304.
(pdftex.def)             Requested size: 225.49776pt x 178.7385pt.
<Images/Builtin nmos/nmos2.png, id=59, 349.305pt x 495.35063pt>
File: Images/Builtin nmos/nmos2.png Graphic file (type png)
<use Images/Builtin nmos/nmos2.png>
Package pdftex.def Info: Images/Builtin nmos/nmos2.png  used on input line 311.

(pdftex.def)             Requested size: 157.84671pt x 178.7418pt.
<Images/pmos/pimg1.png, id=60, 528.47438pt x 526.96875pt>
File: Images/pmos/pimg1.png Graphic file (type png)
<use Images/pmos/pimg1.png>
Package pdftex.def Info: Images/pmos/pimg1.png  used on input line 318.
(pdftex.def)             Requested size: 225.49776pt x 178.74083pt.
<Images/Builtin pmos/pmos2.png, id=61, 572.89032pt x 527.72156pt>
File: Images/Builtin pmos/pmos2.png Graphic file (type png)
<use Images/Builtin pmos/pmos2.png>
Package pdftex.def Info: Images/Builtin pmos/pmos2.png  used on input line 325.

(pdftex.def)             Requested size: 225.49808pt x 178.7385pt.
 [9 <./Images/nmos/nmos1.png> <./Images/Builtin nmos/nmos2.png> <./Images/pmos/
pimg1.png> <./Images/Builtin pmos/pmos2.png>]
<Images/nmos/nspec1.png, id=69, 393.72093pt x 253.69781pt>
File: Images/nmos/nspec1.png Graphic file (type png)
<use Images/nmos/nspec1.png>
Package pdftex.def Info: Images/nmos/nspec1.png  used on input line 347.
(pdftex.def)             Requested size: 169.12247pt x 107.23753pt.
<Images/nmos/nspec2.1.png, id=70, 393.72093pt x 253.69781pt>
File: Images/nmos/nspec2.1.png Graphic file (type png)
<use Images/nmos/nspec2.1.png>
Package pdftex.def Info: Images/nmos/nspec2.1.png  used on input line 354.
(pdftex.def)             Requested size: 169.12247pt x 107.23753pt.
<Images/pmos/pspec1.2.png, id=71, 393.72093pt x 254.45062pt>
File: Images/pmos/pspec1.2.png Graphic file (type png)
<use Images/pmos/pspec1.2.png>
Package pdftex.def Info: Images/pmos/pspec1.2.png  used on input line 363.
(pdftex.def)             Requested size: 147.26048pt x 92.9494pt.
<Images/pmos/pspec2.2.png, id=72, 393.72093pt x 253.69781pt>
File: Images/pmos/pspec2.2.png Graphic file (type png)
<use Images/pmos/pspec2.2.png>
Package pdftex.def Info: Images/pmos/pspec2.2.png  used on input line 370.
(pdftex.def)             Requested size: 147.26048pt x 92.94539pt.
<Images/pmos/pspec4.png, id=73, 393.72093pt x 253.69781pt>
File: Images/pmos/pspec4.png Graphic file (type png)
<use Images/pmos/pspec4.png>
Package pdftex.def Info: Images/pmos/pspec4.png  used on input line 377.
(pdftex.def)             Requested size: 147.26048pt x 92.94539pt.
<Images/Builtin nmos/nspec4.png, id=74, 393.72093pt x 254.45062pt>
File: Images/Builtin nmos/nspec4.png Graphic file (type png)
<use Images/Builtin nmos/nspec4.png>
Package pdftex.def Info: Images/Builtin nmos/nspec4.png  used on input line 392
.
(pdftex.def)             Requested size: 169.12247pt x 107.24126pt.
<Images/Builtin nmos/nspec5.png, id=75, 393.72093pt x 253.69781pt>
File: Images/Builtin nmos/nspec5.png Graphic file (type png)
<use Images/Builtin nmos/nspec5.png>
Package pdftex.def Info: Images/Builtin nmos/nspec5.png  used on input line 399
.
(pdftex.def)             Requested size: 169.12247pt x 107.23753pt.
<Images/Builtin pmos/pspec4.png, id=76, 393.72093pt x 254.45062pt>
File: Images/Builtin pmos/pspec4.png Graphic file (type png)
<use Images/Builtin pmos/pspec4.png>
Package pdftex.def Info: Images/Builtin pmos/pspec4.png  used on input line 408
.
(pdftex.def)             Requested size: 147.26048pt x 92.9494pt.
<Images/Builtin pmos/pspec5.png, id=77, 393.72093pt x 255.20343pt>
File: Images/Builtin pmos/pspec5.png Graphic file (type png)
<use Images/Builtin pmos/pspec5.png>
Package pdftex.def Info: Images/Builtin pmos/pspec5.png  used on input line 415
.
(pdftex.def)             Requested size: 147.26048pt x 92.94792pt.
<Images/Builtin pmos/pspec6.png, id=78, 393.72093pt x 253.69781pt>
File: Images/Builtin pmos/pspec6.png Graphic file (type png)
<use Images/Builtin pmos/pspec6.png>
Package pdftex.def Info: Images/Builtin pmos/pspec6.png  used on input line 422
.
(pdftex.def)             Requested size: 147.26048pt x 92.94539pt.
<Images/nmos/nsim1.png, id=79, 1419.05156pt x 669.2503pt>
File: Images/nmos/nsim1.png Graphic file (type png)
<use Images/nmos/nsim1.png>
Package pdftex.def Info: Images/nmos/nsim1.png  used on input line 439.
(pdftex.def)             Requested size: 460.19423pt x 217.03403pt.
<Images/pmos/psim1.2.png, id=80, 1419.05156pt x 671.50874pt>
File: Images/pmos/psim1.2.png Graphic file (type png)
<use Images/pmos/psim1.2.png>
Package pdftex.def Info: Images/pmos/psim1.2.png  used on input line 446.
(pdftex.def)             Requested size: 460.19423pt x 217.76642pt.
 [10

 <./Images/nmos/nspec1.png> <./Images/nmos/nspec2.1.png> <./Images/pmos/pspec1.
2.png> <./Images/pmos/pspec2.2.png> <./Images/pmos/pspec4.png> <./Images/Builti
n nmos/nspec4.png> <./Images/Builtin nmos/nspec5.png> <./Images/Builtin pmos/ps
pec4.png> <./Images/Builtin pmos/pspec5.png> <./Images/Builtin pmos/pspec6.png>
]
<Images/Builtin nmos/nsim2.png, id=94, 1419.05156pt x 667.74469pt>
File: Images/Builtin nmos/nsim2.png Graphic file (type png)
<use Images/Builtin nmos/nsim2.png>
Package pdftex.def Info: Images/Builtin nmos/nsim2.png  used on input line 458.

(pdftex.def)             Requested size: 460.19423pt x 216.54576pt.
<Images/Builtin pmos/psim2.png, id=95, 1419.05156pt x 670.00313pt>
File: Images/Builtin pmos/psim2.png Graphic file (type png)
<use Images/Builtin pmos/psim2.png>
Package pdftex.def Info: Images/Builtin pmos/psim2.png  used on input line 465.

(pdftex.def)             Requested size: 460.19423pt x 217.27815pt.
 [11 <./Images/nmos/nsim1.png> <./Images/pmos/psim1.2.png>] [12 <./Images/Built
in nmos/nsim2.png> <./Images/Builtin pmos/psim2.png>]
Underfull \hbox (badness 10000) in paragraph at lines 473--474

 []


Underfull \hbox (badness 10000) in paragraph at lines 475--476

 []


Underfull \hbox (badness 10000) in paragraph at lines 477--478

 []


Overfull \hbox (2.37729pt too wide) in paragraph at lines 479--480
[]\OT1/ptm/m/n/12 The sim-u-la-tion re-sults con-firmed the the-o-ret-i-cal ex-
pec-ta-tions re-gard-ing the per-for-mance of nMOS
 []

[13] (EXP01_EEE2214.aux)
 ***********
LaTeX2e <2023-11-01> patch level 1
L3 programming layer <2024-01-04>
 ***********


LaTeX Warning: There were multiply-defined labels.

 ) 
Here is how much of TeX's memory you used:
 6832 strings out of 474486
 110193 string characters out of 5753568
 1935542 words of memory out of 5000000
 29059 multiletter control sequences out of 15000+600000
 573774 words of font info for 69 fonts, out of 8000000 for 9000
 1141 hyphenation exceptions out of 8191
 67i,12n,77p,443b,571s stack positions out of 10000i,1000n,20000p,200000b,200000s
<C:/Program Files/MiKTeX/fonts/type1/public/amsfonts/cm/cmmi12.pfb><C:/Progra
m Files/MiKTeX/fonts/type1/public/amsfonts/cm/cmmi8.pfb><C:/Program Files/MiKTe
X/fonts/type1/public/amsfonts/cm/cmr12.pfb><C:/Program Files/MiKTeX/fonts/type1
/urw/times/utmb8a.pfb><C:/Program Files/MiKTeX/fonts/type1/urw/times/utmr8a.pfb
><C:/Program Files/MiKTeX/fonts/type1/urw/times/utmri8a.pfb>
Output written on EXP01_EEE2214.pdf (13 pages, 3254493 bytes).
PDF statistics:
 137 PDF objects out of 1000 (max. 8388607)
 0 named destinations out of 1000 (max. 500000)
 151 words of extra memory for PDF output out of 10000 (max. 10000000)

