This is pdfTeX, Version 3.141592653-2.6-1.40.25 (MiKTeX 24.1) (preloaded format=pdflatex 2024.9.9)  27 APR 2025 00:07
entering extended mode
 restricted \write18 enabled.
 %&-line parsing enabled.
**./EXP01_EEE2212.tex
(EXP01_EEE2212.tex
LaTeX2e <2023-11-01> patch level 1
L3 programming layer <2024-01-04>
(C:\Program Files\MiKTeX\tex/latex/base\article.cls
Document Class: article 2023/05/17 v1.4n Standard LaTeX document class
(C:\Program Files\MiKTeX\tex/latex/base\size12.clo
File: size12.clo 2023/05/17 v1.4n Standard LaTeX file (size option)
)
\c@part=\count187
\c@section=\count188
\c@subsection=\count189
\c@subsubsection=\count190
\c@paragraph=\count191
\c@subparagraph=\count192
\c@figure=\count193
\c@table=\count194
\abovecaptionskip=\skip48
\belowcaptionskip=\skip49
\bibindent=\dimen140
)
(C:\Program Files\MiKTeX\tex/latex/graphics\graphicx.sty
Package: graphicx 2021/09/16 v1.2d Enhanced LaTeX Graphics (DPC,SPQR)

(C:\Program Files\MiKTeX\tex/latex/graphics\keyval.sty
Package: keyval 2022/05/29 v1.15 key=value parser (DPC)
\KV@toks@=\toks17
)
(C:\Program Files\MiKTeX\tex/latex/graphics\graphics.sty
Package: graphics 2022/03/10 v1.4e Standard LaTeX Graphics (DPC,SPQR)

(C:\Program Files\MiKTeX\tex/latex/graphics\trig.sty
Package: trig 2021/08/11 v1.11 sin cos tan (DPC)
)
(C:\Program Files\MiKTeX\tex/latex/graphics-cfg\graphics.cfg
File: graphics.cfg 2016/06/04 v1.11 sample graphics configuration
)
Package graphics Info: Driver file: pdftex.def on input line 107.

(C:\Program Files\MiKTeX\tex/latex/graphics-def\pdftex.def
File: pdftex.def 2022/09/22 v1.2b Graphics/color driver for pdftex
))
\Gin@req@height=\dimen141
\Gin@req@width=\dimen142
)
(C:\Program Files\MiKTeX\tex/latex/amsmath\amsmath.sty
Package: amsmath 2023/05/13 v2.17o AMS math features
\@mathmargin=\skip50

For additional information on amsmath, use the `?' option.
(C:\Program Files\MiKTeX\tex/latex/amsmath\amstext.sty
Package: amstext 2021/08/26 v2.01 AMS text

(C:\Program Files\MiKTeX\tex/latex/amsmath\amsgen.sty
File: amsgen.sty 1999/11/30 v2.0 generic functions
\@emptytoks=\toks18
\ex@=\dimen143
))
(C:\Program Files\MiKTeX\tex/latex/amsmath\amsbsy.sty
Package: amsbsy 1999/11/29 v1.2d Bold Symbols
\pmbraise@=\dimen144
)
(C:\Program Files\MiKTeX\tex/latex/amsmath\amsopn.sty
Package: amsopn 2022/04/08 v2.04 operator names
)
\inf@bad=\count195
LaTeX Info: Redefining \frac on input line 234.
\uproot@=\count196
\leftroot@=\count197
LaTeX Info: Redefining \overline on input line 399.
LaTeX Info: Redefining \colon on input line 410.
\classnum@=\count198
\DOTSCASE@=\count199
LaTeX Info: Redefining \ldots on input line 496.
LaTeX Info: Redefining \dots on input line 499.
LaTeX Info: Redefining \cdots on input line 620.
\Mathstrutbox@=\box51
\strutbox@=\box52
LaTeX Info: Redefining \big on input line 722.
LaTeX Info: Redefining \Big on input line 723.
LaTeX Info: Redefining \bigg on input line 724.
LaTeX Info: Redefining \Bigg on input line 725.
\big@size=\dimen145
LaTeX Font Info:    Redeclaring font encoding OML on input line 743.
LaTeX Font Info:    Redeclaring font encoding OMS on input line 744.
\macc@depth=\count266
LaTeX Info: Redefining \bmod on input line 905.
LaTeX Info: Redefining \pmod on input line 910.
LaTeX Info: Redefining \smash on input line 940.
LaTeX Info: Redefining \relbar on input line 970.
LaTeX Info: Redefining \Relbar on input line 971.
\c@MaxMatrixCols=\count267
\dotsspace@=\muskip16
\c@parentequation=\count268
\dspbrk@lvl=\count269
\tag@help=\toks19
\row@=\count270
\column@=\count271
\maxfields@=\count272
\andhelp@=\toks20
\eqnshift@=\dimen146
\alignsep@=\dimen147
\tagshift@=\dimen148
\tagwidth@=\dimen149
\totwidth@=\dimen150
\lineht@=\dimen151
\@envbody=\toks21
\multlinegap=\skip51
\multlinetaggap=\skip52
\mathdisplay@stack=\toks22
LaTeX Info: Redefining \[ on input line 2953.
LaTeX Info: Redefining \] on input line 2954.
)
(C:\Program Files\MiKTeX\tex/latex/amsfonts\amssymb.sty
Package: amssymb 2013/01/14 v3.01 AMS font symbols

(C:\Program Files\MiKTeX\tex/latex/amsfonts\amsfonts.sty
Package: amsfonts 2013/01/14 v3.01 Basic AMSFonts support
\symAMSa=\mathgroup4
\symAMSb=\mathgroup5
LaTeX Font Info:    Redeclaring math symbol \hbar on input line 98.
LaTeX Font Info:    Overwriting math alphabet `\mathfrak' in version `bold'
(Font)                  U/euf/m/n --> U/euf/b/n on input line 106.
))
(C:\Program Files\MiKTeX\tex/latex/caption\subcaption.sty
Package: subcaption 2023/07/28 v1.6b Sub-captions (AR)

(C:\Program Files\MiKTeX\tex/latex/caption\caption.sty
Package: caption 2023/08/05 v3.6o Customizing captions (AR)

(C:\Program Files\MiKTeX\tex/latex/caption\caption3.sty
Package: caption3 2023/07/31 v2.4d caption3 kernel (AR)
\caption@tempdima=\dimen152
\captionmargin=\dimen153
\caption@leftmargin=\dimen154
\caption@rightmargin=\dimen155
\caption@width=\dimen156
\caption@indent=\dimen157
\caption@parindent=\dimen158
\caption@hangindent=\dimen159
Package caption Info: Standard document class detected.
)
\c@caption@flags=\count273
\c@continuedfloat=\count274
)
Package caption Info: New subtype `subfigure' on input line 238.
\c@subfigure=\count275
Package caption Info: New subtype `subtable' on input line 238.
\c@subtable=\count276
)
(C:\Program Files\MiKTeX\tex/latex/geometry\geometry.sty
Package: geometry 2020/01/02 v5.9 Page Geometry

(C:\Program Files\MiKTeX\tex/generic/iftex\ifvtex.sty
Package: ifvtex 2019/10/25 v1.7 ifvtex legacy package. Use iftex instead.

(C:\Program Files\MiKTeX\tex/generic/iftex\iftex.sty
Package: iftex 2022/02/03 v1.0f TeX engine tests
))
\Gm@cnth=\count277
\Gm@cntv=\count278
\c@Gm@tempcnt=\count279
\Gm@bindingoffset=\dimen160
\Gm@wd@mp=\dimen161
\Gm@odd@mp=\dimen162
\Gm@even@mp=\dimen163
\Gm@layoutwidth=\dimen164
\Gm@layoutheight=\dimen165
\Gm@layouthoffset=\dimen166
\Gm@layoutvoffset=\dimen167
\Gm@dimlist=\toks23

(C:\Program Files\MiKTeX\tex/latex/geometry\geometry.cfg))
(C:\Program Files\MiKTeX\tex/latex/psnfss\times.sty
Package: times 2020/03/25 PSNFSS-v9.3 (SPQR) 
)
(C:\Program Files\MiKTeX\tex/latex/multirow\multirow.sty
Package: multirow 2021/03/15 v2.8 Span multiple rows of a table
\multirow@colwidth=\skip53
\multirow@cntb=\count280
\multirow@dima=\skip54
\bigstrutjot=\dimen168
)
(C:\Program Files\MiKTeX\tex/latex/float\float.sty
Package: float 2001/11/08 v1.3d Float enhancements (AL)
\c@float@type=\count281
\float@exts=\toks24
\float@box=\box53
\@float@everytoks=\toks25
\@floatcapt=\box54
)
LaTeX Font Info:    Trying to load font information for OT1+ptm on input line 2
2.

(C:\Program Files\MiKTeX\tex/latex/psnfss\ot1ptm.fd
File: ot1ptm.fd 2001/06/04 font definitions for OT1/ptm.
)
(C:\Program Files\MiKTeX\tex/latex/l3backend\l3backend-pdftex.def
File: l3backend-pdftex.def 2024-01-04 L3 backend support: PDF output (pdfTeX)
\l__color_backend_stack_int=\count282
\l__pdf_internal_box=\box55
)
(EXP01_EEE2212.aux

LaTeX Warning: Label `fig:5' multiply defined.


LaTeX Warning: Label `fig:5' multiply defined.


LaTeX Warning: Label `fig:5' multiply defined.


LaTeX Warning: Label `fig:5' multiply defined.


LaTeX Warning: Label `fig:4' multiply defined.


LaTeX Warning: Label `fig:5' multiply defined.


LaTeX Warning: Label `fig:5' multiply defined.


LaTeX Warning: Label `fig:5' multiply defined.

)
\openout1 = `EXP01_EEE2212.aux'.

LaTeX Font Info:    Checking defaults for OML/cmm/m/it on input line 22.
LaTeX Font Info:    ... okay on input line 22.
LaTeX Font Info:    Checking defaults for OMS/cmsy/m/n on input line 22.
LaTeX Font Info:    ... okay on input line 22.
LaTeX Font Info:    Checking defaults for OT1/cmr/m/n on input line 22.
LaTeX Font Info:    ... okay on input line 22.
LaTeX Font Info:    Checking defaults for T1/cmr/m/n on input line 22.
LaTeX Font Info:    ... okay on input line 22.
LaTeX Font Info:    Checking defaults for TS1/cmr/m/n on input line 22.
LaTeX Font Info:    ... okay on input line 22.
LaTeX Font Info:    Checking defaults for OMX/cmex/m/n on input line 22.
LaTeX Font Info:    ... okay on input line 22.
LaTeX Font Info:    Checking defaults for U/cmr/m/n on input line 22.
LaTeX Font Info:    ... okay on input line 22.
 (C:\Program Files\MiKTeX\tex/context/base/mkii\supp-pdf.mkii
[Loading MPS to PDF converter (version 2006.09.02).]
\scratchcounter=\count283
\scratchdimen=\dimen169
\scratchbox=\box56
\nofMPsegments=\count284
\nofMParguments=\count285
\everyMPshowfont=\toks26
\MPscratchCnt=\count286
\MPscratchDim=\dimen170
\MPnumerator=\count287
\makeMPintoPDFobject=\count288
\everyMPtoPDFconversion=\toks27
) (C:\Program Files\MiKTeX\tex/latex/epstopdf-pkg\epstopdf-base.sty
Package: epstopdf-base 2020-01-24 v2.11 Base part for package epstopdf
Package epstopdf-base Info: Redefining graphics rule for `.eps' on input line 4
85.

(C:\Program Files\MiKTeX\tex/latex/00miktex\epstopdf-sys.cfg
File: epstopdf-sys.cfg 2021/03/18 v2.0 Configuration of epstopdf for MiKTeX
))
Package caption Info: Begin \AtBeginDocument code.
Package caption Info: float package is loaded.
Package caption Info: End \AtBeginDocument code.

*geometry* driver: auto-detecting
*geometry* detected driver: pdftex
*geometry* verbose mode - [ preamble ] result:
* driver: pdftex
* paper: a4paper
* layout: <same size as paper>
* layoutoffset:(h,v)=(0.0pt,0.0pt)
* modes: 
* h-part:(L,W,R)=(79.49744pt, 460.19423pt, 57.81621pt)
* v-part:(T,H,B)=(72.26999pt, 714.96065pt, 57.81621pt)
* \paperwidth=597.50787pt
* \paperheight=845.04684pt
* \textwidth=460.19423pt
* \textheight=714.96065pt
* \oddsidemargin=7.22745pt
* \evensidemargin=7.22745pt
* \topmargin=-37.0pt
* \headheight=12.0pt
* \headsep=25.0pt
* \topskip=12.0pt
* \footskip=30.0pt
* \marginparwidth=35.0pt
* \marginparsep=10.0pt
* \columnsep=10.0pt
* \skip\footins=10.8pt plus 4.0pt minus 2.0pt
* \hoffset=0.0pt
* \voffset=0.0pt
* \mag=1000
* \@twocolumnfalse
* \@twosidefalse
* \@mparswitchfalse
* \@reversemarginfalse
* (1in=72.27pt=25.4mm, 1cm=28.453pt)

LaTeX Font Info:    Trying to load font information for TS1+ptm on input line 2
9.
(C:\Program Files\MiKTeX\tex/latex/psnfss\ts1ptm.fd
File: ts1ptm.fd 2001/06/04 font definitions for TS1/ptm.
)
<Images/1.jpg, id=1, 1707.37875pt x 1721.68219pt>
File: Images/1.jpg Graphic file (type jpg)
<use Images/1.jpg>
Package pdftex.def Info: Images/1.jpg  used on input line 54.
(pdftex.def)             Requested size: 193.28073pt x 194.8762pt.
 [1

{C:/Users/win-11/AppData/Local/MiKTeX/fonts/map/pdftex/pdftex.map}{C:/Program F
iles/MiKTeX/fonts/enc/dvips/base/8r.enc}]
<Images/2.jpg, id=8, 1707.37875pt x 1731.46875pt>
File: Images/2.jpg Graphic file (type jpg)
<use Images/2.jpg>
Package pdftex.def Info: Images/2.jpg  used on input line 72.
(pdftex.def)             Requested size: 193.28073pt x 195.98393pt.
 [2 <./Images/1.jpg> <./Images/2.jpg>]
<Images/3.jpg, id=12, 1580.15344pt x 2084.53781pt>
File: Images/3.jpg Graphic file (type jpg)
<use Images/3.jpg>
Package pdftex.def Info: Images/3.jpg  used on input line 90.
(pdftex.def)             Requested size: 207.06671pt x 228.79095pt.
LaTeX Font Info:    Trying to load font information for U+msa on input line 96.


(C:\Program Files\MiKTeX\tex/latex/amsfonts\umsa.fd
File: umsa.fd 2013/01/14 v3.01 AMS symbols A
)
LaTeX Font Info:    Trying to load font information for U+msb on input line 96.


(C:\Program Files\MiKTeX\tex/latex/amsfonts\umsb.fd
File: umsb.fd 2013/01/14 v3.01 AMS symbols B
)
Underfull \hbox (badness 10000) in paragraph at lines 99--100

 []

[3 <./Images/3.jpg>]
<Images/5.jpg, id=17, 2771.85562pt x 1707.37875pt>
File: Images/5.jpg Graphic file (type jpg)
<use Images/5.jpg>
Package pdftex.def Info: Images/5.jpg  used on input line 111.
(pdftex.def)             Requested size: 225.4977pt x 138.88571pt.
<Images/6.jpg, id=18, 4047.12pt x 2276.505pt>
File: Images/6.jpg Graphic file (type jpg)
<use Images/6.jpg>
Package pdftex.def Info: Images/6.jpg  used on input line 117.
(pdftex.def)             Requested size: 225.4977pt x 126.82341pt.
<Images/7.jpg, id=19, 1707.37875pt x 2244.88687pt>
File: Images/7.jpg Graphic file (type jpg)
<use Images/7.jpg>
Package pdftex.def Info: Images/7.jpg  used on input line 123.
(pdftex.def)             Requested size: 1707.3746pt x 2244.88141pt.
<Images/8.jpg, id=20, 1377.64688pt x 1605.74907pt>
File: Images/8.jpg Graphic file (type jpg)
<use Images/8.jpg>
Package pdftex.def Info: Images/8.jpg  used on input line 129.
(pdftex.def)             Requested size: 1377.64352pt x 1605.74516pt.
 [4 <./Images/5.jpg> <./Images/6.jpg> <./Images/7.jpg> <./Images/8.jpg>]
<Images/10.jpg, id=25, 3035.34pt x 1304.62407pt>
File: Images/10.jpg Graphic file (type jpg)
<use Images/10.jpg>
Package pdftex.def Info: Images/10.jpg  used on input line 159.
(pdftex.def)             Requested size: 225.4977pt x 96.90695pt.
<Images/11.jpg, id=26, 2771.85562pt x 1432.60219pt>
File: Images/11.jpg Graphic file (type jpg)
<use Images/11.jpg>
Package pdftex.def Info: Images/11.jpg  used on input line 165.
(pdftex.def)             Requested size: 225.4977pt x 116.53416pt.
<Images/12.jpg, id=27, 1707.37875pt x 2488.79813pt>
File: Images/12.jpg Graphic file (type jpg)
<use Images/12.jpg>
Package pdftex.def Info: Images/12.jpg  used on input line 200.
(pdftex.def)             Requested size: 147.26552pt x 214.64008pt.
<Images/13.jpg, id=28, 1374.63562pt x 1737.49126pt>
File: Images/13.jpg Graphic file (type jpg)
<use Images/13.jpg>
Package pdftex.def Info: Images/13.jpg  used on input line 200.
(pdftex.def)             Requested size: 147.26552pt x 186.11386pt.
<Images/14.jpg, id=29, 2381.89874pt x 1157.82562pt>
File: Images/14.jpg Graphic file (type jpg)
<use Images/14.jpg>
Package pdftex.def Info: Images/14.jpg  used on input line 200.
(pdftex.def)             Requested size: 147.26552pt x 71.56891pt.
 [5 <./Images/10.jpg> <./Images/11.jpg> <./Images/12.jpg> <./Images/13.jpg> <./
Images/14.jpg>]
<Images/4.jpg, id=34, 1707.37875pt x 2600.21437pt>
File: Images/4.jpg Graphic file (type jpg)
<use Images/4.jpg>
Package pdftex.def Info: Images/4.jpg  used on input line 235.
(pdftex.def)             Requested size: 1707.3746pt x 2600.20805pt.
<Images/15.jpg, id=35, 1707.37875pt x 1967.09906pt>
File: Images/15.jpg Graphic file (type jpg)
<use Images/15.jpg>
Package pdftex.def Info: Images/15.jpg  used on input line 257.
(pdftex.def)             Requested size: 157.84769pt x 181.83376pt.
<Images/16.jpg, id=36, 1707.37875pt x 2879.50781pt>
File: Images/16.jpg Graphic file (type jpg)
<use Images/16.jpg>
Package pdftex.def Info: Images/16.jpg  used on input line 257.
(pdftex.def)             Requested size: 157.84769pt x 266.17455pt.
 [6 <./Images/4.jpg>] [7 <./Images/15.jpg> <./Images/16.jpg>]
<Images/18.jpg, id=44, 1707.37875pt x 1712.64844pt>
File: Images/18.jpg Graphic file (type jpg)
<use Images/18.jpg>
Package pdftex.def Info: Images/18.jpg  used on input line 299.
(pdftex.def)             Requested size: 151.86493pt x 152.32854pt.
<Images/20.jpg, id=45, 2700.33844pt x 1531.97343pt>
File: Images/20.jpg Graphic file (type jpg)
<use Images/20.jpg>
Package pdftex.def Info: Images/20.jpg  used on input line 305.
(pdftex.def)             Requested size: 151.86493pt x 86.14056pt.
<Images/21.jpg, id=46, 2293.06688pt x 1470.99562pt>
File: Images/21.jpg Graphic file (type jpg)
<use Images/21.jpg>
Package pdftex.def Info: Images/21.jpg  used on input line 311.
(pdftex.def)             Requested size: 147.26552pt x 94.4509pt.
 [8 <./Images/18.jpg> <./Images/20.jpg> <./Images/21.jpg>]
<Images/17.jpg, id=51, 1707.37875pt x 2183.15625pt>
File: Images/17.jpg Graphic file (type jpg)
<use Images/17.jpg>
Package pdftex.def Info: Images/17.jpg  used on input line 336.
(pdftex.def)             Requested size: 207.086pt x 264.76567pt.
 [9 <./Images/17.jpg>]
<Images/25.jpg, id=55, 1707.37875pt x 1457.445pt>
File: Images/25.jpg Graphic file (type jpg)
<use Images/25.jpg>
Package pdftex.def Info: Images/25.jpg  used on input line 360.
(pdftex.def)             Requested size: 202.94655pt x 173.21794pt.
<Images/26.jpg, id=56, 1649.41219pt x 1662.21pt>
File: Images/26.jpg Graphic file (type jpg)
<use Images/26.jpg>
Package pdftex.def Info: Images/26.jpg  used on input line 366.
(pdftex.def)             Requested size: 202.94655pt x 204.50388pt.
<Images/22.jpg, id=57, 1707.37875pt x 2146.26843pt>
File: Images/22.jpg Graphic file (type jpg)
<use Images/22.jpg>
Package pdftex.def Info: Images/22.jpg  used on input line 380.
(pdftex.def)             Requested size: 157.84769pt x 198.39572pt.
<Images/24.jpg, id=58, 1707.37875pt x 2196.70688pt>
File: Images/24.jpg Graphic file (type jpg)
<use Images/24.jpg>
Package pdftex.def Info: Images/24.jpg  used on input line 386.
(pdftex.def)             Requested size: 157.84769pt x 203.05812pt.
 [10 <./Images/25.jpg> <./Images/26.jpg>]
<Images/27.jpg, id=62, 1707.37875pt x 2561.06813pt>
File: Images/27.jpg Graphic file (type jpg)
<use Images/27.jpg>
Package pdftex.def Info: Images/27.jpg  used on input line 411.
(pdftex.def)             Requested size: 157.84769pt x 236.73878pt.
<Images/28.jpg, id=63, 1518.4228pt x 1958.81813pt>
File: Images/28.jpg Graphic file (type jpg)
<use Images/28.jpg>
Package pdftex.def Info: Images/28.jpg  used on input line 411.
(pdftex.def)             Requested size: 180.39883pt x 232.71667pt.
 [11 <./Images/22.jpg> <./Images/24.jpg> <./Images/27.jpg> <./Images/28.jpg>] [
12] (EXP01_EEE2212.aux)
 ***********
LaTeX2e <2023-11-01> patch level 1
L3 programming layer <2024-01-04>
 ***********


LaTeX Warning: There were multiply-defined labels.

 ) 
Here is how much of TeX's memory you used:
 5105 strings out of 474486
 82386 string characters out of 5753568
 1932542 words of memory out of 5000000
 27346 multiletter control sequences out of 15000+600000
 575322 words of font info for 75 fonts, out of 8000000 for 9000
 1141 hyphenation exceptions out of 8191
 67i,10n,77p,684b,537s stack positions out of 10000i,1000n,20000p,200000b,200000s
<C:/Program Files/MiKTeX/fonts/type1/public/amsfonts/cm/cmmi12.pfb><C:/Progra
m Files/MiKTeX/fonts/type1/public/amsfonts/cm/cmr10.pfb><C:/Program Files/MiKTe
X/fonts/type1/public/amsfonts/cm/cmr12.pfb><C:/Program Files/MiKTeX/fonts/type1
/public/amsfonts/cm/cmsy10.pfb><C:/Program Files/MiKTeX/fonts/type1/urw/times/u
tmb8a.pfb><C:/Program Files/MiKTeX/fonts/type1/urw/times/utmr8a.pfb><C:/Program
 Files/MiKTeX/fonts/type1/urw/times/utmri8a.pfb>
Output written on EXP01_EEE2212.pdf (12 pages, 30584825 bytes).
PDF statistics:
 102 PDF objects out of 1000 (max. 8388607)
 0 named destinations out of 1000 (max. 500000)
 126 words of extra memory for PDF output out of 10000 (max. 10000000)

