This is pdfTeX, Version 3.141592653-2.6-1.40.25 (MiKTeX 24.1) (preloaded format=pdflatex 2024.9.9)  8 OCT 2024 11:59
entering extended mode
 restricted \write18 enabled.
 %&-line parsing enabled.
**./EXP02_EEE2214.tex
(EXP02_EEE2214.tex
LaTeX2e <2023-11-01> patch level 1
L3 programming layer <2024-01-04>
(C:\Program Files\MiKTeX\tex/latex/base\article.cls
Document Class: article 2023/05/17 v1.4n Standard LaTeX document class
(C:\Program Files\MiKTeX\tex/latex/base\size12.clo
File: size12.clo 2023/05/17 v1.4n Standard LaTeX file (size option)
)
\c@part=\count187
\c@section=\count188
\c@subsection=\count189
\c@subsubsection=\count190
\c@paragraph=\count191
\c@subparagraph=\count192
\c@figure=\count193
\c@table=\count194
\abovecaptionskip=\skip48
\belowcaptionskip=\skip49
\bibindent=\dimen140
)
(C:\Program Files\MiKTeX\tex/latex/graphics\graphicx.sty
Package: graphicx 2021/09/16 v1.2d Enhanced LaTeX Graphics (DPC,SPQR)

(C:\Program Files\MiKTeX\tex/latex/graphics\keyval.sty
Package: keyval 2022/05/29 v1.15 key=value parser (DPC)
\KV@toks@=\toks17
)
(C:\Program Files\MiKTeX\tex/latex/graphics\graphics.sty
Package: graphics 2022/03/10 v1.4e Standard LaTeX Graphics (DPC,SPQR)

(C:\Program Files\MiKTeX\tex/latex/graphics\trig.sty
Package: trig 2021/08/11 v1.11 sin cos tan (DPC)
)
(C:\Program Files\MiKTeX\tex/latex/graphics-cfg\graphics.cfg
File: graphics.cfg 2016/06/04 v1.11 sample graphics configuration
)
Package graphics Info: Driver file: pdftex.def on input line 107.

(C:\Program Files\MiKTeX\tex/latex/graphics-def\pdftex.def
File: pdftex.def 2022/09/22 v1.2b Graphics/color driver for pdftex
))
\Gin@req@height=\dimen141
\Gin@req@width=\dimen142
)
(C:\Program Files\MiKTeX\tex/latex/amsmath\amsmath.sty
Package: amsmath 2023/05/13 v2.17o AMS math features
\@mathmargin=\skip50

For additional information on amsmath, use the `?' option.
(C:\Program Files\MiKTeX\tex/latex/amsmath\amstext.sty
Package: amstext 2021/08/26 v2.01 AMS text

(C:\Program Files\MiKTeX\tex/latex/amsmath\amsgen.sty
File: amsgen.sty 1999/11/30 v2.0 generic functions
\@emptytoks=\toks18
\ex@=\dimen143
))
(C:\Program Files\MiKTeX\tex/latex/amsmath\amsbsy.sty
Package: amsbsy 1999/11/29 v1.2d Bold Symbols
\pmbraise@=\dimen144
)
(C:\Program Files\MiKTeX\tex/latex/amsmath\amsopn.sty
Package: amsopn 2022/04/08 v2.04 operator names
)
\inf@bad=\count195
LaTeX Info: Redefining \frac on input line 234.
\uproot@=\count196
\leftroot@=\count197
LaTeX Info: Redefining \overline on input line 399.
LaTeX Info: Redefining \colon on input line 410.
\classnum@=\count198
\DOTSCASE@=\count199
LaTeX Info: Redefining \ldots on input line 496.
LaTeX Info: Redefining \dots on input line 499.
LaTeX Info: Redefining \cdots on input line 620.
\Mathstrutbox@=\box51
\strutbox@=\box52
LaTeX Info: Redefining \big on input line 722.
LaTeX Info: Redefining \Big on input line 723.
LaTeX Info: Redefining \bigg on input line 724.
LaTeX Info: Redefining \Bigg on input line 725.
\big@size=\dimen145
LaTeX Font Info:    Redeclaring font encoding OML on input line 743.
LaTeX Font Info:    Redeclaring font encoding OMS on input line 744.
\macc@depth=\count266
LaTeX Info: Redefining \bmod on input line 905.
LaTeX Info: Redefining \pmod on input line 910.
LaTeX Info: Redefining \smash on input line 940.
LaTeX Info: Redefining \relbar on input line 970.
LaTeX Info: Redefining \Relbar on input line 971.
\c@MaxMatrixCols=\count267
\dotsspace@=\muskip16
\c@parentequation=\count268
\dspbrk@lvl=\count269
\tag@help=\toks19
\row@=\count270
\column@=\count271
\maxfields@=\count272
\andhelp@=\toks20
\eqnshift@=\dimen146
\alignsep@=\dimen147
\tagshift@=\dimen148
\tagwidth@=\dimen149
\totwidth@=\dimen150
\lineht@=\dimen151
\@envbody=\toks21
\multlinegap=\skip51
\multlinetaggap=\skip52
\mathdisplay@stack=\toks22
LaTeX Info: Redefining \[ on input line 2953.
LaTeX Info: Redefining \] on input line 2954.
)
(C:\Program Files\MiKTeX\tex/latex/amsfonts\amssymb.sty
Package: amssymb 2013/01/14 v3.01 AMS font symbols

(C:\Program Files\MiKTeX\tex/latex/amsfonts\amsfonts.sty
Package: amsfonts 2013/01/14 v3.01 Basic AMSFonts support
\symAMSa=\mathgroup4
\symAMSb=\mathgroup5
LaTeX Font Info:    Redeclaring math symbol \hbar on input line 98.
LaTeX Font Info:    Overwriting math alphabet `\mathfrak' in version `bold'
(Font)                  U/euf/m/n --> U/euf/b/n on input line 106.
))
(C:\Program Files\MiKTeX\tex/latex/caption\subcaption.sty
Package: subcaption 2023/07/28 v1.6b Sub-captions (AR)

(C:\Program Files\MiKTeX\tex/latex/caption\caption.sty
Package: caption 2023/08/05 v3.6o Customizing captions (AR)

(C:\Program Files\MiKTeX\tex/latex/caption\caption3.sty
Package: caption3 2023/07/31 v2.4d caption3 kernel (AR)
\caption@tempdima=\dimen152
\captionmargin=\dimen153
\caption@leftmargin=\dimen154
\caption@rightmargin=\dimen155
\caption@width=\dimen156
\caption@indent=\dimen157
\caption@parindent=\dimen158
\caption@hangindent=\dimen159
Package caption Info: Standard document class detected.
)
\c@caption@flags=\count273
\c@continuedfloat=\count274
)
Package caption Info: New subtype `subfigure' on input line 238.
\c@subfigure=\count275
Package caption Info: New subtype `subtable' on input line 238.
\c@subtable=\count276
)
(C:\Program Files\MiKTeX\tex/latex/geometry\geometry.sty
Package: geometry 2020/01/02 v5.9 Page Geometry

(C:\Program Files\MiKTeX\tex/generic/iftex\ifvtex.sty
Package: ifvtex 2019/10/25 v1.7 ifvtex legacy package. Use iftex instead.

(C:\Program Files\MiKTeX\tex/generic/iftex\iftex.sty
Package: iftex 2022/02/03 v1.0f TeX engine tests
))
\Gm@cnth=\count277
\Gm@cntv=\count278
\c@Gm@tempcnt=\count279
\Gm@bindingoffset=\dimen160
\Gm@wd@mp=\dimen161
\Gm@odd@mp=\dimen162
\Gm@even@mp=\dimen163
\Gm@layoutwidth=\dimen164
\Gm@layoutheight=\dimen165
\Gm@layouthoffset=\dimen166
\Gm@layoutvoffset=\dimen167
\Gm@dimlist=\toks23

(C:\Program Files\MiKTeX\tex/latex/geometry\geometry.cfg))
(C:\Program Files\MiKTeX\tex/latex/psnfss\times.sty
Package: times 2020/03/25 PSNFSS-v9.3 (SPQR) 
)
(C:\Program Files\MiKTeX\tex/latex/float\float.sty
Package: float 2001/11/08 v1.3d Float enhancements (AL)
\c@float@type=\count280
\float@exts=\toks24
\float@box=\box53
\@float@everytoks=\toks25
\@floatcapt=\box54
)
(C:\Program Files\MiKTeX\tex/latex/listings\listings.sty
\lst@mode=\count281
\lst@gtempboxa=\box55
\lst@token=\toks26
\lst@length=\count282
\lst@currlwidth=\dimen168
\lst@column=\count283
\lst@pos=\count284
\lst@lostspace=\dimen169
\lst@width=\dimen170
\lst@newlines=\count285
\lst@lineno=\count286
\lst@maxwidth=\dimen171

(C:\Program Files\MiKTeX\tex/latex/listings\lstmisc.sty
File: lstmisc.sty 2023/02/27 1.9 (Carsten Heinz)
\c@lstnumber=\count287
\lst@skipnumbers=\count288
\lst@framebox=\box56
)
(C:\Program Files\MiKTeX\tex/latex/listings\listings.cfg
File: listings.cfg 2023/02/27 1.9 listings configuration
))
Package: listings 2023/02/27 1.9 (Carsten Heinz)

(C:\Program Files\MiKTeX\tex/latex/xcolor\xcolor.sty
Package: xcolor 2023/11/15 v3.01 LaTeX color extensions (UK)

(C:\Program Files\MiKTeX\tex/latex/graphics-cfg\color.cfg
File: color.cfg 2016/01/02 v1.6 sample color configuration
)
Package xcolor Info: Driver file: pdftex.def on input line 274.

(C:\Program Files\MiKTeX\tex/latex/graphics\mathcolor.ltx)
Package xcolor Info: Model `cmy' substituted by `cmy0' on input line 1350.
Package xcolor Info: Model `hsb' substituted by `rgb' on input line 1354.
Package xcolor Info: Model `RGB' extended on input line 1366.
Package xcolor Info: Model `HTML' substituted by `rgb' on input line 1368.
Package xcolor Info: Model `Hsb' substituted by `hsb' on input line 1369.
Package xcolor Info: Model `tHsb' substituted by `hsb' on input line 1370.
Package xcolor Info: Model `HSB' substituted by `hsb' on input line 1371.
Package xcolor Info: Model `Gray' substituted by `gray' on input line 1372.
Package xcolor Info: Model `wave' substituted by `hsb' on input line 1373.
)
LaTeX Font Info:    Trying to load font information for OT1+ptm on input line 2
7.

(C:\Program Files\MiKTeX\tex/latex/psnfss\ot1ptm.fd
File: ot1ptm.fd 2001/06/04 font definitions for OT1/ptm.
)
(C:\Program Files\MiKTeX\tex/latex/l3backend\l3backend-pdftex.def
File: l3backend-pdftex.def 2024-01-04 L3 backend support: PDF output (pdfTeX)
\l__color_backend_stack_int=\count289
\l__pdf_internal_box=\box57
)
(EXP02_EEE2214.aux

LaTeX Warning: Label `fig:ci1' multiply defined.


LaTeX Warning: Label `fig:ci1' multiply defined.


LaTeX Warning: Label `sub@fig:ci1' multiply defined.


LaTeX Warning: Label `fig:2' multiply defined.


LaTeX Warning: Label `sub@fig:2' multiply defined.

)
\openout1 = `EXP02_EEE2214.aux'.

LaTeX Font Info:    Checking defaults for OML/cmm/m/it on input line 27.
LaTeX Font Info:    ... okay on input line 27.
LaTeX Font Info:    Checking defaults for OMS/cmsy/m/n on input line 27.
LaTeX Font Info:    ... okay on input line 27.
LaTeX Font Info:    Checking defaults for OT1/cmr/m/n on input line 27.
LaTeX Font Info:    ... okay on input line 27.
LaTeX Font Info:    Checking defaults for T1/cmr/m/n on input line 27.
LaTeX Font Info:    ... okay on input line 27.
LaTeX Font Info:    Checking defaults for TS1/cmr/m/n on input line 27.
LaTeX Font Info:    ... okay on input line 27.
LaTeX Font Info:    Checking defaults for OMX/cmex/m/n on input line 27.
LaTeX Font Info:    ... okay on input line 27.
LaTeX Font Info:    Checking defaults for U/cmr/m/n on input line 27.
LaTeX Font Info:    ... okay on input line 27.
 (C:\Program Files\MiKTeX\tex/context/base/mkii\supp-pdf.mkii
[Loading MPS to PDF converter (version 2006.09.02).]
\scratchcounter=\count290
\scratchdimen=\dimen172
\scratchbox=\box58
\nofMPsegments=\count291
\nofMParguments=\count292
\everyMPshowfont=\toks27
\MPscratchCnt=\count293
\MPscratchDim=\dimen173
\MPnumerator=\count294
\makeMPintoPDFobject=\count295
\everyMPtoPDFconversion=\toks28
) (C:\Program Files\MiKTeX\tex/latex/epstopdf-pkg\epstopdf-base.sty
Package: epstopdf-base 2020-01-24 v2.11 Base part for package epstopdf
Package epstopdf-base Info: Redefining graphics rule for `.eps' on input line 4
85.

(C:\Program Files\MiKTeX\tex/latex/00miktex\epstopdf-sys.cfg
File: epstopdf-sys.cfg 2021/03/18 v2.0 Configuration of epstopdf for MiKTeX
))
Package caption Info: Begin \AtBeginDocument code.
Package caption Info: float package is loaded.
Package caption Info: listings package is loaded.
Package caption Info: End \AtBeginDocument code.

*geometry* driver: auto-detecting
*geometry* detected driver: pdftex
*geometry* verbose mode - [ preamble ] result:
* driver: pdftex
* paper: a4paper
* layout: <same size as paper>
* layoutoffset:(h,v)=(0.0pt,0.0pt)
* modes: 
* h-part:(L,W,R)=(79.49744pt, 460.19423pt, 57.81621pt)
* v-part:(T,H,B)=(72.26999pt, 714.96065pt, 57.81621pt)
* \paperwidth=597.50787pt
* \paperheight=845.04684pt
* \textwidth=460.19423pt
* \textheight=714.96065pt
* \oddsidemargin=7.22745pt
* \evensidemargin=7.22745pt
* \topmargin=-37.0pt
* \headheight=12.0pt
* \headsep=25.0pt
* \topskip=12.0pt
* \footskip=30.0pt
* \marginparwidth=35.0pt
* \marginparsep=10.0pt
* \columnsep=10.0pt
* \skip\footins=10.8pt plus 4.0pt minus 2.0pt
* \hoffset=0.0pt
* \voffset=0.0pt
* \mag=1000
* \@twocolumnfalse
* \@twosidefalse
* \@mparswitchfalse
* \@reversemarginfalse
* (1in=72.27pt=25.4mm, 1cm=28.453pt)

\c@lstlisting=\count296

Overfull \hbox (15.09694pt too wide) in paragraph at lines 32--33
\OT1/ptm/m/n/12 Design and An-a-lyze CMOS In-verter and Tris-tate In-verter en-
sur-ing proper DRC us-ing MI-CROWIND
 []

LaTeX Font Info:    Trying to load font information for TS1+ptm on input line 3
7.
(C:\Program Files\MiKTeX\tex/latex/psnfss\ts1ptm.fd
File: ts1ptm.fd 2001/06/04 font definitions for TS1/ptm.
)
<images/c/ci1.2.png, id=1, 133.24782pt x 192.72pt>
File: images/c/ci1.2.png Graphic file (type png)
<use images/c/ci1.2.png>
Package pdftex.def Info: images/c/ci1.2.png  used on input line 48.
(pdftex.def)             Requested size: 92.03743pt x 133.12102pt.
LaTeX Font Info:    Trying to load font information for U+msa on input line 57.


(C:\Program Files\MiKTeX\tex/latex/amsfonts\umsa.fd
File: umsa.fd 2013/01/14 v3.01 AMS symbols A
)
LaTeX Font Info:    Trying to load font information for U+msb on input line 57.


(C:\Program Files\MiKTeX\tex/latex/amsfonts\umsb.fd
File: umsb.fd 2013/01/14 v3.01 AMS symbols B
) [1

{C:/Users/win-11/AppData/Local/MiKTeX/fonts/map/pdftex/pdftex.map}{C:/Program F
iles/MiKTeX/fonts/enc/dvips/base/8r.enc} <./images/c/ci1.2.png>]
<images/t/ti1.2.png, id=10, 152.06813pt x 214.55156pt>
File: images/t/ti1.2.png Graphic file (type png)
<use images/t/ti1.2.png>
Package pdftex.def Info: images/t/ti1.2.png  used on input line 76.
(pdftex.def)             Requested size: 122.873pt x 173.36348pt.
<images/t/ti2.png, id=11, 154.32657pt x 257.46187pt>
File: images/t/ti2.png Graphic file (type png)
<use images/t/ti2.png>
Package pdftex.def Info: images/t/ti2.png  used on input line 82.
(pdftex.def)             Requested size: 103.54474pt x 172.74605pt.
<images/t/ti3.png, id=12, 146.04562pt x 254.45062pt>
File: images/t/ti3.png Graphic file (type png)
<use images/t/ti3.png>
Package pdftex.def Info: images/t/ti3.png  used on input line 88.
(pdftex.def)             Requested size: 103.54474pt x 180.40883pt.
 [2 <./images/t/ti1.2.png> <./images/t/ti2.png> <./images/t/ti3.png>]
Overfull \hbox (0.97603pt too wide) in paragraph at lines 123--123
[]\OT1/ptm/b/n/14.4 Working Pro-cess of De-sign-ing a Tri-state In-verter us-in
g MI-CROWIND
 []

[3]
<images/c/ci1.png, id=24, 273.27094pt x 597.73312pt>
File: images/c/ci1.png Graphic file (type png)
<use images/c/ci1.png>
Package pdftex.def Info: images/c/ci1.png  used on input line 145.
(pdftex.def)             Requested size: 202.94702pt x 500.47804pt.
<images/t/ti1.png, id=25, 178.41656pt x 614.295pt>
File: images/t/ti1.png Graphic file (type png)
<use images/t/ti1.png>
Package pdftex.def Info: images/t/ti1.png  used on input line 154.
(pdftex.def)             Requested size: 180.39883pt x 621.14542pt.
 [4 <./images/c/ci1.png> <./images/t/ti1.png>]
<images/c/vdd1.png, id=31, 393.72093pt x 256.70906pt>
File: images/c/vdd1.png Graphic file (type png)
<use images/c/vdd1.png>
Package pdftex.def Info: images/c/vdd1.png  used on input line 169.
(pdftex.def)             Requested size: 147.26552pt x 96.01495pt.
<images/c/vin.png, id=32, 393.72093pt x 254.45062pt>
File: images/c/vin.png Graphic file (type png)
<use images/c/vin.png>
Package pdftex.def Info: images/c/vin.png  used on input line 175.
(pdftex.def)             Requested size: 147.26552pt x 95.17026pt.
<images/c/vss.png, id=33, 393.72093pt x 254.45062pt>
File: images/c/vss.png Graphic file (type png)
<use images/c/vss.png>
Package pdftex.def Info: images/c/vss.png  used on input line 181.
(pdftex.def)             Requested size: 147.26552pt x 95.17026pt.
<images/t/vdd.png, id=34, 393.72093pt x 254.45062pt>
File: images/t/vdd.png Graphic file (type png)
<use images/t/vdd.png>
Package pdftex.def Info: images/t/vdd.png  used on input line 192.
(pdftex.def)             Requested size: 151.86493pt x 98.14433pt.
<images/t/vin.png, id=35, 393.72093pt x 254.45062pt>
File: images/t/vin.png Graphic file (type png)
<use images/t/vin.png>
Package pdftex.def Info: images/t/vin.png  used on input line 198.
(pdftex.def)             Requested size: 147.26552pt x 95.17026pt.
<images/t/vout.png, id=36, 393.72093pt x 254.45062pt>
File: images/t/vout.png Graphic file (type png)
<use images/t/vout.png>
Package pdftex.def Info: images/t/vout.png  used on input line 204.
(pdftex.def)             Requested size: 147.26552pt x 95.17026pt.
<images/t/vss.png, id=37, 393.72093pt x 254.45062pt>
File: images/t/vss.png Graphic file (type png)
<use images/t/vss.png>
Package pdftex.def Info: images/t/vss.png  used on input line 211.
(pdftex.def)             Requested size: 147.26552pt x 95.17026pt.
<images/t/en.png, id=38, 393.72093pt x 254.45062pt>
File: images/t/en.png Graphic file (type png)
<use images/t/en.png>
Package pdftex.def Info: images/t/en.png  used on input line 217.
(pdftex.def)             Requested size: 147.26552pt x 95.17026pt.
<images/t/en'.png, id=39, 393.72093pt x 254.45062pt>
File: images/t/en'.png Graphic file (type png)
<use images/t/en'.png>
Package pdftex.def Info: images/t/en'.png  used on input line 223.
(pdftex.def)             Requested size: 147.26552pt x 95.17026pt.
 [5 <./images/c/vdd1.png> <./images/c/vin.png> <./images/c/vss.png> <./images/t
/vdd.png> <./images/t/vin.png> <./images/t/vout.png> <./images/t/vss.png> <./im
ages/t/en.png> <./images/t/en'.png>]
<images/c/cisim1.png, id=52, 1419.05156pt x 671.50874pt>
File: images/c/cisim1.png Graphic file (type png)
<use images/c/cisim1.png>
Package pdftex.def Info: images/c/cisim1.png  used on input line 239.
(pdftex.def)             Requested size: 460.19026pt x 193.04189pt.
<images/t/tisim1.png, id=53, 1419.05156pt x 669.2503pt>
File: images/t/tisim1.png Graphic file (type png)
<use images/t/tisim1.png>
Package pdftex.def Info: images/t/tisim1.png  used on input line 246.
(pdftex.def)             Requested size: 460.19026pt x 207.33269pt.
<images/t/tisim2.png, id=54, 1419.05156pt x 671.50874pt>
File: images/t/tisim2.png Graphic file (type png)
<use images/t/tisim2.png>
Package pdftex.def Info: images/t/tisim2.png  used on input line 253.
(pdftex.def)             Requested size: 460.19026pt x 207.3356pt.

Overfull \vbox (16.98581pt too high) has occurred while \output is active []


[6 <./images/c/cisim1.png> <./images/t/tisim1.png> <./images/t/tisim2.png>]
[7] (EXP02_EEE2214.aux)
 ***********
LaTeX2e <2023-11-01> patch level 1
L3 programming layer <2024-01-04>
 ***********


LaTeX Warning: There were multiply-defined labels.

 ) 
Here is how much of TeX's memory you used:
 6772 strings out of 474486
 106456 string characters out of 5753568
 1933542 words of memory out of 5000000
 29000 multiletter control sequences out of 15000+600000
 575223 words of font info for 75 fonts, out of 8000000 for 9000
 1141 hyphenation exceptions out of 8191
 67i,10n,77p,616b,569s stack positions out of 10000i,1000n,20000p,200000b,200000s
<C:/Program Files/MiKTeX/fonts/type1/public/amsfonts/cm/cmmi10.pfb><C:/Progra
m Files/MiKTeX/fonts/type1/public/amsfonts/cm/cmmi12.pfb><C:/Program Files/MiKT
eX/fonts/type1/public/amsfonts/cm/cmr10.pfb><C:/Program Files/MiKTeX/fonts/type
1/public/amsfonts/cm/cmr12.pfb><C:/Program Files/MiKTeX/fonts/type1/urw/times/u
tmb8a.pfb><C:/Program Files/MiKTeX/fonts/type1/urw/times/utmr8a.pfb>
Output written on EXP02_EEE2214.pdf (7 pages, 1232778 bytes).
PDF statistics:
 94 PDF objects out of 1000 (max. 8388607)
 0 named destinations out of 1000 (max. 500000)
 91 words of extra memory for PDF output out of 10000 (max. 10000000)

